mode: set
skilllab.dev/mazedemo/cmd/maze/main.go:13.2,19.1 8 0
skilllab.dev/mazedemo/cmd/maze/main.go:20.2,21.16 8 0
skilllab.dev/mazedemo/cmd/maze/main.go:22.3,24.1 2 0
skilllab.dev/mazedemo/cmd/maze/main.go:25.2,26.12 2 0
skilllab.dev/mazedemo/cmd/maze/main.go:27.3,28.17 2 0
skilllab.dev/mazedemo/cmd/maze/main.go:29.4,31.1 2 0
skilllab.dev/mazedemo/cmd/maze/main.go:32.3,33.65 1 0
skilllab.dev/mazedemo/cmd/maze/main.go:35.3,36.1 1 0
skilllab.dev/mazedemo/cmd/maze/main.go:37.2,37.16 1 0
skilllab.dev/mazedemo/cmd/maze/main.go:38.3,40.1 2 0
skilllab.dev/mazedemo/cmd/maze/main.go:41.2,41.64 1 0
skilllab.dev/mazedemo/cmd/maze/main.go:42.3,44.1 2 0
skilllab.dev/mazedemo/cmd/maze/main.go:45.2,45.28 1 0
skilllab.dev/mazedemo/maze.go:29.33,29.63 1 1
skilllab.dev/mazedemo/maze.go:32.2,32.12 1 1
skilllab.dev/mazedemo/maze.go:33.3,34.1 1 0
skilllab.dev/mazedemo/maze.go:35.2,36.29 2 1
skilllab.dev/mazedemo/maze.go:46.40,46.58 1 1
skilllab.dev/mazedemo/maze.go:47.40,47.58 1 1
skilllab.dev/mazedemo/maze.go:48.40,48.69 1 1
skilllab.dev/mazedemo/maze.go:49.40,49.66 1 1
skilllab.dev/mazedemo/maze.go:52.43,52.80 1 1
skilllab.dev/mazedemo/maze.go:58.2,58.42 1 1
skilllab.dev/mazedemo/maze.go:59.3,60.1 1 1
skilllab.dev/mazedemo/maze.go:61.2,61.14 1 1
skilllab.dev/mazedemo/maze.go:62.3,63.1 1 1
skilllab.dev/mazedemo/maze.go:64.2,65.24 2 1
skilllab.dev/mazedemo/maze.go:66.3,67.1 1 1
skilllab.dev/mazedemo/maze.go:68.2,71.21 4 1
skilllab.dev/mazedemo/maze.go:72.3,75.26 4 1
skilllab.dev/mazedemo/maze.go:76.4,77.64 2 1
skilllab.dev/mazedemo/maze.go:78.5,78.13 1 1
skilllab.dev/mazedemo/maze.go:80.4,80.44 1 1
skilllab.dev/mazedemo/maze.go:81.5,82.1 1 1
skilllab.dev/mazedemo/maze.go:84.3,84.21 1 1
skilllab.dev/mazedemo/maze.go:85.4,86.12 2 1
skilllab.dev/mazedemo/maze.go:88.3,93.30 6 1
skilllab.dev/mazedemo/maze.go:95.2,95.15 1 1
skilllab.dev/mazedemo/maze.go:98.29,98.59 1 1
skilllab.dev/mazedemo/maze.go:101.2,103.1 2 1
skilllab.dev/mazedemo/maze.go:106.37,106.50 1 1
skilllab.dev/mazedemo/maze.go:107.37,107.66 1 1
skilllab.dev/mazedemo/maze.go:111.2,119.21 9 1
skilllab.dev/mazedemo/maze.go:120.3,122.20 3 1
skilllab.dev/mazedemo/maze.go:123.4,124.1 1 1
skilllab.dev/mazedemo/maze.go:125.3,126.27 2 1
skilllab.dev/mazedemo/maze.go:127.4,128.56 2 1
skilllab.dev/mazedemo/maze.go:129.5,129.13 1 0
skilllab.dev/mazedemo/maze.go:131.4,132.40 2 1
skilllab.dev/mazedemo/maze.go:133.5,133.13 1 1
skilllab.dev/mazedemo/maze.go:135.4,137.29 3 1
skilllab.dev/mazedemo/maze.go:140.2,140.41 1 1
skilllab.dev/mazedemo/maze.go:144.2,145.30 2 1
skilllab.dev/mazedemo/maze.go:146.3,147.17 2 1
skilllab.dev/mazedemo/maze.go:148.4,148.9 1 1
skilllab.dev/mazedemo/maze.go:151.2,151.52 1 1
skilllab.dev/mazedemo/maze.go:152.3,153.1 1 1
skilllab.dev/mazedemo/maze.go:154.2,154.12 1 1
skilllab.dev/mazedemo/maze.go:160.2,162.22 3 1
skilllab.dev/mazedemo/maze.go:163.3,163.16 1 1
skilllab.dev/mazedemo/maze.go:164.4,165.1 1 1
skilllab.dev/mazedemo/maze.go:167.2,167.25 1 1
skilllab.dev/mazedemo/maze.go:168.3,168.36 1 1
skilllab.dev/mazedemo/maze.go:169.4,170.1 1 1
skilllab.dev/mazedemo/maze.go:172.2,174.31 3 1
skilllab.dev/mazedemo/maze.go:175.3,176.1 1 1
skilllab.dev/mazedemo/maze.go:177.2,177.31 1 1
skilllab.dev/mazedemo/maze.go:178.3,179.1 1 1
skilllab.dev/mazedemo/maze.go:180.2,181.32 2 1
skilllab.dev/mazedemo/maze.go:182.3,184.1 2 1
skilllab.dev/mazedemo/maze.go:185.2,185.19 1 1
skilllab.dev/mazedemo/maze.go:189.34,189.54 1 1
